Started by an SCM change
Running as SYSTEM
Building in workspace C:\Users\Anu\AppData\Local\Jenkins\.jenkins\workspace\CALab3Jenkins
The recommended git tool is: NONE
using credential 490d03a6-76d4-4e20-b334-f7f9cde0c9cc
 > C:\Program Files\Git\bin\git.exe rev-parse --resolve-git-dir C:\Users\Anu\AppData\Local\Jenkins\.jenkins\workspace\CALab3Jenkins\.git # timeout=10
Fetching changes from the remote Git repository
 > C:\Program Files\Git\bin\git.exe config remote.origin.url git@github.com:L00177576/CALab3.git # timeout=10
Fetching upstream changes from git@github.com:L00177576/CALab3.git
 > C:\Program Files\Git\bin\git.exe --version # timeout=10
 > git --version # 'git version 2.38.1.windows.1'
using GIT_SSH to set credentials 
Verifying host key using known hosts file
 > C:\Program Files\Git\bin\git.exe fetch --tags --force --progress -- git@github.com:L00177576/CALab3.git +refs/heads/*:refs/remotes/origin/* # timeout=10
 > C:\Program Files\Git\bin\git.exe rev-parse "refs/remotes/origin/master^{commit}" # timeout=10
Checking out Revision 5824f85a0ec56ad3375ddbb69bf0898640393837 (refs/remotes/origin/master)
 > C:\Program Files\Git\bin\git.exe config core.sparsecheckout # timeout=10
 > C:\Program Files\Git\bin\git.exe checkout -f 5824f85a0ec56ad3375ddbb69bf0898640393837 # timeout=10
Commit message: "Added additional test to start auto build"
 > C:\Program Files\Git\bin\git.exe rev-list --no-walk 721cdd7707744423a424ee215776ae6db2db3063 # timeout=10
[CALab3Jenkins] $ cmd.exe /C "C:\maven\apache-maven-3.8.6-bin\apache-maven-3.8.6\bin\mvn.cmd -f MavenJavaproject/pom.xml test && exit %%ERRORLEVEL%%"
[INFO] Scanning for projects...
[INFO] 
[INFO] -----------------< MavenJavaproject:MavenJavaproject >------------------
[INFO] Building MavenJavaproject 0.0.1-SNAPSHOT
[INFO] --------------------------------[ jar ]---------------------------------
[INFO] 
[8mha:////4H3IFdWECaKfxA37yZtVTqe2F9a0S6Gb1n3MzoEHK2FIAAAAYB+LCAAAAAAAAP9b85aBtbiIQSmjNKU4P0+vJLE4u1gvPjexLDVPzxdEGvvmZ+X75Zek2mxOX+vh68DGxMBQUcQgBdWQnJ9XnJ+TqucMoUEKGSCAEaSwAAAn9LoiYAAAAA==[0m[INFO] --- maven-resources-plugin:2.6:resources (default-resources) @ MavenJavaproject ---
[INFO] Using 'UTF-8' encoding to copy filtered resources.
[INFO] skip non existing resourceDirectory C:\Users\Anu\AppData\Local\Jenkins\.jenkins\workspace\CALab3Jenkins\MavenJavaproject\src\main\resources
[INFO] 
[8mha:////4H3IFdWECaKfxA37yZtVTqe2F9a0S6Gb1n3MzoEHK2FIAAAAYB+LCAAAAAAAAP9b85aBtbiIQSmjNKU4P0+vJLE4u1gvPjexLDVPzxdEGvvmZ+X75Zek2mxOX+vh68DGxMBQUcQgBdWQnJ9XnJ+TqucMoUEKGSCAEaSwAAAn9LoiYAAAAA==[0m[INFO] --- maven-compiler-plugin:3.8.0:compile (default-compile) @ MavenJavaproject ---
[INFO] Nothing to compile - all classes are up to date
[INFO] 
[8mha:////4H3IFdWECaKfxA37yZtVTqe2F9a0S6Gb1n3MzoEHK2FIAAAAYB+LCAAAAAAAAP9b85aBtbiIQSmjNKU4P0+vJLE4u1gvPjexLDVPzxdEGvvmZ+X75Zek2mxOX+vh68DGxMBQUcQgBdWQnJ9XnJ+TqucMoUEKGSCAEaSwAAAn9LoiYAAAAA==[0m[INFO] --- maven-resources-plugin:2.6:testResources (default-testResources) @ MavenJavaproject ---
[INFO] Using 'UTF-8' encoding to copy filtered resources.
[INFO] skip non existing resourceDirectory C:\Users\Anu\AppData\Local\Jenkins\.jenkins\workspace\CALab3Jenkins\MavenJavaproject\src\test\resources
[INFO] 
[8mha:////4H3IFdWECaKfxA37yZtVTqe2F9a0S6Gb1n3MzoEHK2FIAAAAYB+LCAAAAAAAAP9b85aBtbiIQSmjNKU4P0+vJLE4u1gvPjexLDVPzxdEGvvmZ+X75Zek2mxOX+vh68DGxMBQUcQgBdWQnJ9XnJ+TqucMoUEKGSCAEaSwAAAn9LoiYAAAAA==[0m[INFO] --- maven-compiler-plugin:3.8.0:testCompile (default-testCompile) @ MavenJavaproject ---
[INFO] Changes detected - recompiling the module!
[INFO] Compiling 1 source file to C:\Users\Anu\AppData\Local\Jenkins\.jenkins\workspace\CALab3Jenkins\MavenJavaproject\target\test-classes
[INFO] 
[8mha:////4H3IFdWECaKfxA37yZtVTqe2F9a0S6Gb1n3MzoEHK2FIAAAAYB+LCAAAAAAAAP9b85aBtbiIQSmjNKU4P0+vJLE4u1gvPjexLDVPzxdEGvvmZ+X75Zek2mxOX+vh68DGxMBQUcQgBdWQnJ9XnJ+TqucMoUEKGSCAEaSwAAAn9LoiYAAAAA==[0m[INFO] --- maven-surefire-plugin:2.12.4:test (default-test) @ MavenJavaproject ---
[INFO] Surefire report directory: C:\Users\Anu\AppData\Local\Jenkins\.jenkins\workspace\CALab3Jenkins\MavenJavaproject\target\surefire-reports

-------------------------------------------------------
 T E S T S
-------------------------------------------------------
Running NumbersCompleteTest
Tests run: 5, Failures: 1, Errors: 0, Skipped: 0, Time elapsed: 4.99 sec <<< FAILURE!
testAdd(NumbersCompleteTest)  Time elapsed: 3.244 sec  <<< FAILURE!
java.lang.AssertionError
	at NumbersCompleteTest.testAdd(NumbersCompleteTest.java:16)
	at java.base/jdk.internal.reflect.DirectMethodHandleAccessor.invoke(DirectMethodHandleAccessor.java:104)
	at java.base/java.lang.reflect.Method.invoke(Method.java:578)
	at junit.framework.TestCase.runTest(TestCase.java:176)
	at junit.framework.TestCase.runBare(TestCase.java:141)
	at junit.framework.TestResult$1.protect(TestResult.java:122)
	at junit.framework.TestResult.runProtected(TestResult.java:142)
	at junit.framework.TestResult.run(TestResult.java:125)
	at junit.framework.TestCase.run(TestCase.java:129)
	at junit.framework.TestSuite.runTest(TestSuite.java:252)
	at junit.framework.TestSuite.run(TestSuite.java:247)
	at org.junit.internal.runners.JUnit38ClassRunner.run(JUnit38ClassRunner.java:86)
	at org.apache.maven.surefire.junit4.JUnit4Provider.execute(JUnit4Provider.java:252)
	at org.apache.maven.surefire.junit4.JUnit4Provider.executeTestSet(JUnit4Provider.java:141)
	at org.apache.maven.surefire.junit4.JUnit4Provider.invoke(JUnit4Provider.java:112)
	at java.base/jdk.internal.reflect.DirectMethodHandleAccessor.invoke(DirectMethodHandleAccessor.java:104)
	at java.base/java.lang.reflect.Method.invoke(Method.java:578)
	at org.apache.maven.surefire.util.ReflectionUtils.invokeMethodWithArray(ReflectionUtils.java:189)
	at org.apache.maven.surefire.booter.ProviderFactory$ProviderProxy.invoke(ProviderFactory.java:165)
	at org.apache.maven.surefire.booter.ProviderFactory.invokeProvider(ProviderFactory.java:85)
	at org.apache.maven.surefire.booter.ForkedBooter.runSuitesInProcess(ForkedBooter.java:115)
	at org.apache.maven.surefire.booter.ForkedBooter.main(ForkedBooter.java:75)


Results :

Failed tests:   testAdd(NumbersCompleteTest)

Tests run: 5, Failures: 1, Errors: 0, Skipped: 0

[INFO] ------------------------------------------------------------------------
[INFO] BUILD FAILURE
[INFO] ------------------------------------------------------------------------
[INFO] Total time:  01:33 min
[INFO] Finished at: 2022-11-15T20:45:44Z
[INFO] ------------------------------------------------------------------------
[8mha:////4HTC7duhxNdQZ66v4BGOsNU/3ubCDq+T+trmvW/XOGibAAAAYB+LCAAAAAAAAP9b85aBtbiIQSmjNKU4P0+vJLE4u1gvPjexLDVPzxdEuhYV5Rf55Zek1m9pfpLfVWLNxMBQUcQgBdWQnJ9XnJ+TqucMoUEKGSCAEaSwAABqVhoSYAAAAA==[0m[ERROR] Failed to execute goal org.apache.maven.plugins:maven-surefire-plugin:2.12.4:test (default-test) on project MavenJavaproject: There are test failures.
[8mha:////4HTC7duhxNdQZ66v4BGOsNU/3ubCDq+T+trmvW/XOGibAAAAYB+LCAAAAAAAAP9b85aBtbiIQSmjNKU4P0+vJLE4u1gvPjexLDVPzxdEuhYV5Rf55Zek1m9pfpLfVWLNxMBQUcQgBdWQnJ9XnJ+TqucMoUEKGSCAEaSwAABqVhoSYAAAAA==[0m[ERROR] 
[8mha:////4HTC7duhxNdQZ66v4BGOsNU/3ubCDq+T+trmvW/XOGibAAAAYB+LCAAAAAAAAP9b85aBtbiIQSmjNKU4P0+vJLE4u1gvPjexLDVPzxdEuhYV5Rf55Zek1m9pfpLfVWLNxMBQUcQgBdWQnJ9XnJ+TqucMoUEKGSCAEaSwAABqVhoSYAAAAA==[0m[ERROR] Please refer to C:\Users\Anu\AppData\Local\Jenkins\.jenkins\workspace\CALab3Jenkins\MavenJavaproject\target\surefire-reports for the individual test results.
[8mha:////4HTC7duhxNdQZ66v4BGOsNU/3ubCDq+T+trmvW/XOGibAAAAYB+LCAAAAAAAAP9b85aBtbiIQSmjNKU4P0+vJLE4u1gvPjexLDVPzxdEuhYV5Rf55Zek1m9pfpLfVWLNxMBQUcQgBdWQnJ9XnJ+TqucMoUEKGSCAEaSwAABqVhoSYAAAAA==[0m[ERROR] -> [Help 1]
[8mha:////4HTC7duhxNdQZ66v4BGOsNU/3ubCDq+T+trmvW/XOGibAAAAYB+LCAAAAAAAAP9b85aBtbiIQSmjNKU4P0+vJLE4u1gvPjexLDVPzxdEuhYV5Rf55Zek1m9pfpLfVWLNxMBQUcQgBdWQnJ9XnJ+TqucMoUEKGSCAEaSwAABqVhoSYAAAAA==[0m[ERROR] 
[8mha:////4HTC7duhxNdQZ66v4BGOsNU/3ubCDq+T+trmvW/XOGibAAAAYB+LCAAAAAAAAP9b85aBtbiIQSmjNKU4P0+vJLE4u1gvPjexLDVPzxdEuhYV5Rf55Zek1m9pfpLfVWLNxMBQUcQgBdWQnJ9XnJ+TqucMoUEKGSCAEaSwAABqVhoSYAAAAA==[0m[ERROR] To see the full stack trace of the errors, re-run Maven with the -e switch.
[8mha:////4HTC7duhxNdQZ66v4BGOsNU/3ubCDq+T+trmvW/XOGibAAAAYB+LCAAAAAAAAP9b85aBtbiIQSmjNKU4P0+vJLE4u1gvPjexLDVPzxdEuhYV5Rf55Zek1m9pfpLfVWLNxMBQUcQgBdWQnJ9XnJ+TqucMoUEKGSCAEaSwAABqVhoSYAAAAA==[0m[ERROR] Re-run Maven using the -X switch to enable full debug logging.
[8mha:////4HTC7duhxNdQZ66v4BGOsNU/3ubCDq+T+trmvW/XOGibAAAAYB+LCAAAAAAAAP9b85aBtbiIQSmjNKU4P0+vJLE4u1gvPjexLDVPzxdEuhYV5Rf55Zek1m9pfpLfVWLNxMBQUcQgBdWQnJ9XnJ+TqucMoUEKGSCAEaSwAABqVhoSYAAAAA==[0m[ERROR] 
[8mha:////4HTC7duhxNdQZ66v4BGOsNU/3ubCDq+T+trmvW/XOGibAAAAYB+LCAAAAAAAAP9b85aBtbiIQSmjNKU4P0+vJLE4u1gvPjexLDVPzxdEuhYV5Rf55Zek1m9pfpLfVWLNxMBQUcQgBdWQnJ9XnJ+TqucMoUEKGSCAEaSwAABqVhoSYAAAAA==[0m[ERROR] For more information about the errors and possible solutions, please read the following articles:
[8mha:////4HTC7duhxNdQZ66v4BGOsNU/3ubCDq+T+trmvW/XOGibAAAAYB+LCAAAAAAAAP9b85aBtbiIQSmjNKU4P0+vJLE4u1gvPjexLDVPzxdEuhYV5Rf55Zek1m9pfpLfVWLNxMBQUcQgBdWQnJ9XnJ+TqucMoUEKGSCAEaSwAABqVhoSYAAAAA==[0m[ERROR] [Help 1] http://cwiki.apache.org/confluence/display/MAVEN/MojoFailureException
Build step 'Invoke top-level Maven targets' marked build as failure
Finished: FAILURE
